[2022-09-30 00:27:59] laravel.EMERGENCY: Unable to create configured logger. Using emergency logger. {"exception":"[object] (InvalidArgumentException(code: 0): Log [] is not defined. at /var/www/backpack-test/cms-laravel/vendor/laravel/framework/src/Illuminate/Log/LogManager.php:207)
[stacktrace]
#0 /var/www/backpack-test/cms-laravel/vendor/laravel/framework/src/Illuminate/Log/LogManager.php(132): Illuminate\\Log\\LogManager->resolve()
#1 /var/www/backpack-test/cms-laravel/vendor/laravel/framework/src/Illuminate/Log/LogManager.php(119): Illuminate\\Log\\LogManager->get()
#2 /var/www/backpack-test/cms-laravel/vendor/laravel/framework/src/Illuminate/Log/LogManager.php(642): Illuminate\\Log\\LogManager->driver()
#3 /var/www/backpack-test/cms-laravel/vendor/laravel/framework/src/Illuminate/Foundation/Exceptions/Handler.php(278): Illuminate\\Log\\LogManager->error()
#4 /var/www/backpack-test/cms-laravel/vendor/laravel/framework/src/Illuminate/Foundation/Console/Kernel.php(432): Illuminate\\Foundation\\Exceptions\\Handler->report()
#5 /var/www/backpack-test/cms-laravel/vendor/laravel/framework/src/Illuminate/Foundation/Console/Kernel.php(153): Illuminate\\Foundation\\Console\\Kernel->reportException()
#6 /var/www/backpack-test/cms-laravel/artisan(37): Illuminate\\Foundation\\Console\\Kernel->handle()
#7 {main}
"} 
[2022-09-30 00:27:59] laravel.ERROR: syntax error, unexpected token ")" {"exception":"[object] (ParseError(code: 0): syntax error, unexpected token \")\" at /var/www/backpack-test/cms-laravel/vendor/symfony/finder/Finder.php:588)
[stacktrace]
#0 /var/www/backpack-test/cms-laravel/vendor/composer/ClassLoader.php(428): Composer\\Autoload\\includeFile()
#1 /var/www/backpack-test/cms-laravel/vendor/laravel/framework/src/Illuminate/Foundation/Bootstrap/LoadConfiguration.php(86): Composer\\Autoload\\ClassLoader->loadClass()
#2 /var/www/backpack-test/cms-laravel/vendor/laravel/framework/src/Illuminate/Foundation/Bootstrap/LoadConfiguration.php(63): Illuminate\\Foundation\\Bootstrap\\LoadConfiguration->getConfigurationFiles()
#3 /var/www/backpack-test/cms-laravel/vendor/laravel/framework/src/Illuminate/Foundation/Bootstrap/LoadConfiguration.php(39): Illuminate\\Foundation\\Bootstrap\\LoadConfiguration->loadConfigurationFiles()
#4 /var/www/backpack-test/cms-laravel/vendor/laravel/framework/src/Illuminate/Foundation/Application.php(242): Illuminate\\Foundation\\Bootstrap\\LoadConfiguration->bootstrap()
#5 /var/www/backpack-test/cms-laravel/vendor/laravel/framework/src/Illuminate/Foundation/Console/Kernel.php(375): Illuminate\\Foundation\\Application->bootstrapWith()
#6 /var/www/backpack-test/cms-laravel/vendor/laravel/framework/src/Illuminate/Foundation/Console/Kernel.php(149): Illuminate\\Foundation\\Console\\Kernel->bootstrap()
#7 /var/www/backpack-test/cms-laravel/artisan(37): Illuminate\\Foundation\\Console\\Kernel->handle()
#8 {main}
"} 
[2022-09-30 00:28:13] laravel.EMERGENCY: Unable to create configured logger. Using emergency logger. {"exception":"[object] (InvalidArgumentException(code: 0): Log [] is not defined. at /var/www/backpack-test/cms-laravel/vendor/laravel/framework/src/Illuminate/Log/LogManager.php:207)
[stacktrace]
#0 /var/www/backpack-test/cms-laravel/vendor/laravel/framework/src/Illuminate/Log/LogManager.php(132): Illuminate\\Log\\LogManager->resolve()
#1 /var/www/backpack-test/cms-laravel/vendor/laravel/framework/src/Illuminate/Log/LogManager.php(119): Illuminate\\Log\\LogManager->get()
#2 /var/www/backpack-test/cms-laravel/vendor/laravel/framework/src/Illuminate/Log/LogManager.php(642): Illuminate\\Log\\LogManager->driver()
#3 /var/www/backpack-test/cms-laravel/vendor/laravel/framework/src/Illuminate/Foundation/Exceptions/Handler.php(278): Illuminate\\Log\\LogManager->error()
#4 /var/www/backpack-test/cms-laravel/vendor/laravel/framework/src/Illuminate/Foundation/Console/Kernel.php(432): Illuminate\\Foundation\\Exceptions\\Handler->report()
#5 /var/www/backpack-test/cms-laravel/vendor/laravel/framework/src/Illuminate/Foundation/Console/Kernel.php(153): Illuminate\\Foundation\\Console\\Kernel->reportException()
#6 /var/www/backpack-test/cms-laravel/artisan(37): Illuminate\\Foundation\\Console\\Kernel->handle()
#7 {main}
"} 
[2022-09-30 00:28:13] laravel.ERROR: syntax error, unexpected token ")" {"exception":"[object] (ParseError(code: 0): syntax error, unexpected token \")\" at /var/www/backpack-test/cms-laravel/vendor/symfony/finder/Finder.php:588)
[stacktrace]
#0 /var/www/backpack-test/cms-laravel/vendor/composer/ClassLoader.php(428): Composer\\Autoload\\includeFile()
#1 /var/www/backpack-test/cms-laravel/vendor/laravel/framework/src/Illuminate/Foundation/Bootstrap/LoadConfiguration.php(86): Composer\\Autoload\\ClassLoader->loadClass()
#2 /var/www/backpack-test/cms-laravel/vendor/laravel/framework/src/Illuminate/Foundation/Bootstrap/LoadConfiguration.php(63): Illuminate\\Foundation\\Bootstrap\\LoadConfiguration->getConfigurationFiles()
#3 /var/www/backpack-test/cms-laravel/vendor/laravel/framework/src/Illuminate/Foundation/Bootstrap/LoadConfiguration.php(39): Illuminate\\Foundation\\Bootstrap\\LoadConfiguration->loadConfigurationFiles()
#4 /var/www/backpack-test/cms-laravel/vendor/laravel/framework/src/Illuminate/Foundation/Application.php(242): Illuminate\\Foundation\\Bootstrap\\LoadConfiguration->bootstrap()
#5 /var/www/backpack-test/cms-laravel/vendor/laravel/framework/src/Illuminate/Foundation/Console/Kernel.php(375): Illuminate\\Foundation\\Application->bootstrapWith()
#6 /var/www/backpack-test/cms-laravel/vendor/laravel/framework/src/Illuminate/Foundation/Console/Kernel.php(149): Illuminate\\Foundation\\Console\\Kernel->bootstrap()
#7 /var/www/backpack-test/cms-laravel/artisan(37): Illuminate\\Foundation\\Console\\Kernel->handle()
#8 {main}
"} 
